#########################
#### Training
#### Fold: 1 | Image Size: (224, 313) | Model: tf_efficientnet_b1_ns | Batch Size: 128 | Scheduler: cos
#### Num Train: 78,407 | Num Valid: 3,216



































  8%|▊         | 49/613 [01:37<25:13,  2.68s/it]
Traceback (most recent call last):
  File "/opt/conda/lib/python3.7/site-packages/IPython/core/interactiveshell.py", line 3552, in run_code
    exec(code_obj, self.user_global_ns, self.user_ns)
  File "/tmp/ipykernel_20250/2851739522.py", line 103, in <module>
    scaler.step(optimizer)
  File "/opt/conda/lib/python3.7/site-packages/torch/cuda/amp/grad_scaler.py", line 338, in step
    retval = self._maybe_opt_step(optimizer, optimizer_state, *args, **kwargs)
  File "/opt/conda/lib/python3.7/site-packages/torch/cuda/amp/grad_scaler.py", line 285, in _maybe_opt_step
    retval = optimizer.step(*args, **kwargs)
  File "/opt/conda/lib/python3.7/site-packages/torch/optim/optimizer.py", line 113, in wrapper
    return func(*args, **kwargs)
  File "/opt/conda/lib/python3.7/site-packages/torch/autograd/grad_mode.py", line 27, in decorate_context
    return func(*args, **kwargs)
  File "/opt/conda/lib/python3.7/site-packages/torch/optim/adam.py", line 171, in step
    capturable=group['capturable'])
  File "/opt/conda/lib/python3.7/site-packages/torch/optim/adam.py", line 226, in adam
    capturable=capturable)
  File "/opt/conda/lib/python3.7/site-packages/torch/optim/adam.py", line 262, in _single_tensor_adam
    exp_avg.mul_(beta1).add_(grad, alpha=1 - beta1)
KeyboardInterrupt
During handling of the above exception, another exception occurred:
Traceback (most recent call last):
  File "/opt/conda/lib/python3.7/site-packages/IPython/core/interactiveshell.py", line 2098, in showtraceback
    stb = value._render_traceback_()
AttributeError: 'KeyboardInterrupt' object has no attribute '_render_traceback_'
During handling of the above exception, another exception occurred:
Traceback (most recent call last):
  File "/opt/conda/lib/python3.7/site-packages/IPython/core/ultratb.py", line 1101, in get_records
    return _fixed_getinnerframes(etb, number_of_lines_of_context, tb_offset)
  File "/opt/conda/lib/python3.7/site-packages/IPython/core/ultratb.py", line 248, in wrapped
    return f(*args, **kwargs)
  File "/opt/conda/lib/python3.7/site-packages/IPython/core/ultratb.py", line 281, in _fixed_getinnerframes
    records = fix_frame_records_filenames(inspect.getinnerframes(etb, context))
  File "/opt/conda/lib/python3.7/inspect.py", line 1502, in getinnerframes
    frameinfo = (tb.tb_frame,) + getframeinfo(tb, context)
  File "/opt/conda/lib/python3.7/inspect.py", line 1460, in getframeinfo
    filename = getsourcefile(frame) or getfile(frame)
  File "/opt/conda/lib/python3.7/inspect.py", line 696, in getsourcefile
    if getattr(getmodule(object, filename), '__loader__', None) is not None:
  File "/opt/conda/lib/python3.7/inspect.py", line 739, in getmodule
    f = getabsfile(module)
  File "/opt/conda/lib/python3.7/inspect.py", line 709, in getabsfile
    return os.path.normcase(os.path.abspath(_filename))
  File "/opt/conda/lib/python3.7/posixpath.py", line 379, in abspath
    if not isabs(path):
  File "/opt/conda/lib/python3.7/posixpath.py", line 68, in isabs
    return s.startswith(sep)

  8%|▊         | 49/613 [01:39<19:06,  2.03s/it]
Process wandb_internal:
Traceback (most recent call last):
  File "/opt/conda/lib/python3.7/multiprocessing/process.py", line 297, in _bootstrap
    self.run()
  File "/opt/conda/lib/python3.7/multiprocessing/process.py", line 99, in run
    self._target(*self._args, **self._kwargs)
  File "/opt/conda/lib/python3.7/site-packages/wandb/sdk/internal/internal.py", line 160, in wandb_internal
    thread.join()
  File "/opt/conda/lib/python3.7/threading.py", line 1044, in join
    self._wait_for_tstate_lock()
  File "/opt/conda/lib/python3.7/threading.py", line 1060, in _wait_for_tstate_lock
    elif lock.acquire(block, timeout):
KeyboardInterrupt
Traceback (most recent call last):
  File "<string>", line 1, in <module>
  File "/opt/conda/lib/python3.7/multiprocessing/spawn.py", line 105, in spawn_main
    exitcode = _main(fd)
  File "/opt/conda/lib/python3.7/multiprocessing/spawn.py", line 118, in _main
    return self._bootstrap()
  File "/opt/conda/lib/python3.7/multiprocessing/process.py", line 315, in _bootstrap
    threading._shutdown()
  File "/opt/conda/lib/python3.7/threading.py", line 1307, in _shutdown
    lock.acquire()
KeyboardInterrupt
Exception in thread NetStatThr:
Traceback (most recent call last):
  File "/opt/conda/lib/python3.7/threading.py", line 926, in _bootstrap_inner
    self.run()
  File "/opt/conda/lib/python3.7/threading.py", line 870, in run
    self._target(*self._args, **self._kwargs)
  File "/opt/conda/lib/python3.7/site-packages/wandb/sdk/wandb_run.py", line 152, in check_network_status
    status_response = self._interface.communicate_network_status()
  File "/opt/conda/lib/python3.7/site-packages/wandb/sdk/interface/interface.py", line 138, in communicate_network_status
    resp = self._communicate_network_status(status)
  File "/opt/conda/lib/python3.7/site-packages/wandb/sdk/interface/interface_shared.py", line 405, in _communicate_network_status
    resp = self._communicate(req, local=True)
  File "/opt/conda/lib/python3.7/site-packages/wandb/sdk/interface/interface_shared.py", line 226, in _communicate
    return self._communicate_async(rec, local=local).get(timeout=timeout)
  File "/opt/conda/lib/python3.7/site-packages/wandb/sdk/interface/interface_shared.py", line 231, in _communicate_async
    raise Exception("The wandb backend process has shutdown")
